2025-03-23 10:48:36,731 - threat_hunter - INFO - Logging initialized. Log file: logs\threat_hunter_20250323-104836.log
2025-03-23 10:48:36,732 - threat_hunter.anomaly_detection - INFO - Initialized new model. Training required.
2025-03-23 10:48:36,732 - threat_hunter.threat_hunter - INFO - Running in training mode
2025-03-23 10:48:36,733 - threat_hunter.threat_hunter - INFO - Starting packet capture on interface Wi-Fi
2025-03-23 10:48:40,724 - threat_hunter.threat_hunter - INFO - Collected training sample: 1 samples so far
2025-03-23 10:48:48,570 - threat_hunter.threat_hunter - INFO - Collected training sample: 2 samples so far
2025-03-23 10:48:56,398 - threat_hunter.threat_hunter - INFO - Collected training sample: 3 samples so far
2025-03-23 10:49:04,345 - threat_hunter.threat_hunter - INFO - Collected training sample: 4 samples so far
2025-03-23 10:49:09,353 - threat_hunter.threat_hunter - INFO - Collected training sample: 5 samples so far
2025-03-23 10:49:12,797 - threat_hunter.threat_hunter - INFO - Collected training sample: 6 samples so far
2025-03-23 10:49:14,026 - threat_hunter.threat_hunter - INFO - Collected training sample: 7 samples so far
2025-03-23 10:49:18,740 - threat_hunter.threat_hunter - INFO - Collected training sample: 8 samples so far
2025-03-23 10:49:22,271 - threat_hunter.threat_hunter - INFO - Collected training sample: 9 samples so far
2025-03-23 10:49:29,320 - threat_hunter.threat_hunter - INFO - Collected training sample: 10 samples so far
2025-03-23 10:49:36,986 - threat_hunter.threat_hunter - INFO - Collected training sample: 11 samples so far
2025-03-23 10:49:41,105 - threat_hunter.threat_hunter - INFO - Collected training sample: 12 samples so far
2025-03-23 10:49:42,397 - threat_hunter.threat_hunter - INFO - Collected training sample: 13 samples so far
2025-03-23 10:49:42,696 - threat_hunter.threat_hunter - INFO - Collected training sample: 14 samples so far
2025-03-23 10:49:42,911 - threat_hunter.threat_hunter - INFO - Collected training sample: 15 samples so far
2025-03-23 10:49:43,040 - threat_hunter.threat_hunter - INFO - Collected training sample: 16 samples so far
2025-03-23 10:49:43,169 - threat_hunter.threat_hunter - INFO - Collected training sample: 17 samples so far
2025-03-23 10:49:44,391 - threat_hunter.threat_hunter - INFO - Collected training sample: 18 samples so far
2025-03-23 10:49:48,573 - threat_hunter.threat_hunter - INFO - Collected training sample: 19 samples so far
2025-03-23 10:49:53,386 - threat_hunter.threat_hunter - INFO - Collected training sample: 20 samples so far
2025-03-23 10:49:58,832 - threat_hunter.threat_hunter - INFO - Collected training sample: 21 samples so far
2025-03-23 10:50:02,798 - threat_hunter.threat_hunter - INFO - Collected training sample: 22 samples so far
2025-03-23 10:50:05,761 - threat_hunter.threat_hunter - INFO - Collected training sample: 23 samples so far
2025-03-23 10:50:13,053 - threat_hunter.threat_hunter - INFO - Collected training sample: 24 samples so far
2025-03-23 10:50:17,155 - threat_hunter.threat_hunter - INFO - Collected training sample: 25 samples so far
2025-03-23 10:50:24,617 - threat_hunter.threat_hunter - INFO - Collected training sample: 26 samples so far
2025-03-23 10:50:32,400 - threat_hunter.threat_hunter - INFO - Collected training sample: 27 samples so far
2025-03-23 10:50:36,407 - threat_hunter.threat_hunter - INFO - Collected training sample: 28 samples so far
2025-03-23 10:50:40,606 - threat_hunter.threat_hunter - INFO - Collected training sample: 29 samples so far
2025-03-23 10:50:48,374 - threat_hunter.threat_hunter - INFO - Collected training sample: 30 samples so far
2025-03-23 10:50:53,296 - threat_hunter.threat_hunter - INFO - Collected training sample: 31 samples so far
2025-03-23 10:51:01,065 - threat_hunter.threat_hunter - INFO - Collected training sample: 32 samples so far
2025-03-23 10:51:05,301 - threat_hunter.threat_hunter - INFO - Collected training sample: 33 samples so far
2025-03-23 10:51:10,544 - threat_hunter.threat_hunter - INFO - Collected training sample: 34 samples so far
2025-03-23 10:51:12,655 - threat_hunter.threat_hunter - INFO - Collected training sample: 35 samples so far
2025-03-23 10:51:16,330 - threat_hunter.threat_hunter - INFO - Collected training sample: 36 samples so far
2025-03-23 10:51:18,024 - threat_hunter.threat_hunter - INFO - Collected training sample: 37 samples so far
2025-03-23 10:51:18,127 - threat_hunter.threat_hunter - INFO - Collected training sample: 38 samples so far
2025-03-23 10:51:18,208 - threat_hunter.threat_hunter - INFO - Collected training sample: 39 samples so far
2025-03-23 10:51:18,370 - threat_hunter.threat_hunter - INFO - Collected training sample: 40 samples so far
2025-03-23 10:51:18,478 - threat_hunter.threat_hunter - INFO - Collected training sample: 41 samples so far
2025-03-23 10:51:18,569 - threat_hunter.threat_hunter - INFO - Collected training sample: 42 samples so far
2025-03-23 10:51:18,685 - threat_hunter.threat_hunter - INFO - Collected training sample: 43 samples so far
2025-03-23 10:51:18,796 - threat_hunter.threat_hunter - INFO - Collected training sample: 44 samples so far
2025-03-23 10:51:18,900 - threat_hunter.threat_hunter - INFO - Collected training sample: 45 samples so far
2025-03-23 10:51:19,004 - threat_hunter.threat_hunter - INFO - Collected training sample: 46 samples so far
2025-03-23 10:51:19,099 - threat_hunter.threat_hunter - INFO - Collected training sample: 47 samples so far
2025-03-23 10:51:19,334 - threat_hunter.threat_hunter - INFO - Collected training sample: 48 samples so far
2025-03-23 10:51:19,518 - threat_hunter.threat_hunter - INFO - Collected training sample: 49 samples so far
2025-03-23 10:51:19,647 - threat_hunter.threat_hunter - INFO - Collected training sample: 50 samples so far
2025-03-23 10:51:19,756 - threat_hunter.threat_hunter - INFO - Collected training sample: 51 samples so far
2025-03-23 10:51:19,856 - threat_hunter.threat_hunter - INFO - Collected training sample: 52 samples so far
2025-03-23 10:51:19,947 - threat_hunter.threat_hunter - INFO - Collected training sample: 53 samples so far
2025-03-23 10:51:20,033 - threat_hunter.threat_hunter - INFO - Collected training sample: 54 samples so far
2025-03-23 10:51:20,126 - threat_hunter.threat_hunter - INFO - Collected training sample: 55 samples so far
2025-03-23 10:51:20,340 - threat_hunter.threat_hunter - INFO - Collected training sample: 56 samples so far
2025-03-23 10:51:23,078 - threat_hunter.threat_hunter - INFO - Collected training sample: 57 samples so far
2025-03-23 10:51:23,372 - threat_hunter.threat_hunter - INFO - Collected training sample: 58 samples so far
2025-03-23 10:51:23,593 - threat_hunter.threat_hunter - INFO - Collected training sample: 59 samples so far
2025-03-23 10:51:23,682 - threat_hunter.threat_hunter - INFO - Collected training sample: 60 samples so far
2025-03-23 10:51:23,791 - threat_hunter.threat_hunter - INFO - Collected training sample: 61 samples so far
2025-03-23 10:51:23,859 - threat_hunter.threat_hunter - INFO - Collected training sample: 62 samples so far
2025-03-23 10:51:24,965 - threat_hunter.threat_hunter - INFO - Collected training sample: 63 samples so far
2025-03-23 10:51:29,704 - threat_hunter.threat_hunter - INFO - Collected training sample: 64 samples so far
2025-03-23 10:51:32,414 - threat_hunter.threat_hunter - INFO - Collected training sample: 65 samples so far
2025-03-23 10:51:35,751 - threat_hunter.threat_hunter - INFO - Collected training sample: 66 samples so far
2025-03-23 10:51:39,710 - threat_hunter.threat_hunter - INFO - Collected training sample: 67 samples so far
2025-03-23 10:51:41,063 - threat_hunter.threat_hunter - INFO - Collected training sample: 68 samples so far
2025-03-23 10:51:45,864 - threat_hunter.threat_hunter - INFO - Collected training sample: 69 samples so far
2025-03-23 10:51:49,103 - threat_hunter.threat_hunter - INFO - Collected training sample: 70 samples so far
2025-03-23 10:51:54,613 - threat_hunter.threat_hunter - INFO - Collected training sample: 71 samples so far
2025-03-23 10:52:01,081 - threat_hunter.threat_hunter - INFO - Collected training sample: 72 samples so far
2025-03-23 10:52:04,501 - threat_hunter.threat_hunter - INFO - Collected training sample: 73 samples so far
2025-03-23 10:52:08,760 - threat_hunter.threat_hunter - INFO - Collected training sample: 74 samples so far
2025-03-23 10:52:09,854 - threat_hunter.threat_hunter - INFO - Collected training sample: 75 samples so far
2025-03-23 10:52:17,368 - threat_hunter.threat_hunter - INFO - Collected training sample: 76 samples so far
2025-03-23 10:52:24,632 - threat_hunter.threat_hunter - INFO - Collected training sample: 77 samples so far
2025-03-23 10:52:27,893 - threat_hunter.threat_hunter - INFO - Collected training sample: 78 samples so far
2025-03-23 10:52:28,019 - threat_hunter.threat_hunter - INFO - Collected training sample: 79 samples so far
2025-03-23 10:52:28,088 - threat_hunter.threat_hunter - INFO - Collected training sample: 80 samples so far
2025-03-23 10:52:28,162 - threat_hunter.threat_hunter - INFO - Collected training sample: 81 samples so far
2025-03-23 10:52:28,230 - threat_hunter.threat_hunter - INFO - Collected training sample: 82 samples so far
2025-03-23 10:52:28,301 - threat_hunter.threat_hunter - INFO - Collected training sample: 83 samples so far
2025-03-23 10:52:28,372 - threat_hunter.threat_hunter - INFO - Collected training sample: 84 samples so far
2025-03-23 10:52:28,441 - threat_hunter.threat_hunter - INFO - Collected training sample: 85 samples so far
2025-03-23 10:52:28,517 - threat_hunter.threat_hunter - INFO - Collected training sample: 86 samples so far
2025-03-23 10:52:28,592 - threat_hunter.threat_hunter - INFO - Collected training sample: 87 samples so far
2025-03-23 10:52:28,714 - threat_hunter.threat_hunter - INFO - Collected training sample: 88 samples so far
2025-03-23 10:52:28,868 - threat_hunter.threat_hunter - INFO - Collected training sample: 89 samples so far
2025-03-23 10:52:28,952 - threat_hunter.threat_hunter - INFO - Using 89 collected training samples
2025-03-23 10:52:28,952 - threat_hunter.anomaly_detection - INFO - Training model with 89 samples...
2025-03-23 10:52:28,969 - threat_hunter.anomaly_detection - INFO - Applied PCA, reduced dimensions from 25 to 10
2025-03-23 10:52:29,272 - threat_hunter.anomaly_detection - INFO - Model training complete
2025-03-23 10:52:29,280 - threat_hunter.anomaly_detection - INFO - Model saved to models\threat_model.pkl
